1553653187353	mozrunner::runner	INFO	Running command: "/Applications/Firefox.app/Contents/MacOS/firefox-bin" "-marionette" "-foreground" "-no-remote" "-profile" "/var/folders/m9/gmplqcv90cn01rd1771dpnfh0000gn/T/rust_mozprofile.gkZQwavmhX9P"
1553653189605	addons.webextension.screenshots@mozilla.org	WARN	Loading extension 'screenshots@mozilla.org': Reading manifest: Invalid extension permission: mozillaAddons
1553653189606	addons.webextension.screenshots@mozilla.org	WARN	Loading extension 'screenshots@mozilla.org': Reading manifest: Invalid extension permission: resource://pdf.js/
1553653189607	addons.webextension.screenshots@mozilla.org	WARN	Loading extension 'screenshots@mozilla.org': Reading manifest: Invalid extension permission: about:reader*
1553653193533	Marionette	INFO	Listening on port 53067
1553653193587	Marionette	WARN	TLS certificate errors will be ignored for this session
JavaScript warning: https://www.google-analytics.com/gtm/js?id=GTM-T3QRBJF&t=gtm2&cid=1174642685.1553653200, line 99: unreachable code after return statement
1553653247085	Marionette	INFO	Stopped listening on port 53067
JavaScript error: resource://gre/modules/osfile/osfile_async_front.jsm, line 404: Error: OS.File has been shut down. Rejecting post to stat
1553669232074	mozrunner::runner	INFO	Running command: "/Applications/Firefox.app/Contents/MacOS/firefox-bin" "-marionette" "-foreground" "-no-remote" "-profile" "/var/folders/m9/gmplqcv90cn01rd1771dpnfh0000gn/T/rust_mozprofile.HgqAu2Of1egr"
1553669233281	addons.webextension.screenshots@mozilla.org	WARN	Loading extension 'screenshots@mozilla.org': Reading manifest: Invalid extension permission: mozillaAddons
1553669233281	addons.webextension.screenshots@mozilla.org	WARN	Loading extension 'screenshots@mozilla.org': Reading manifest: Invalid extension permission: resource://pdf.js/
1553669233281	addons.webextension.screenshots@mozilla.org	WARN	Loading extension 'screenshots@mozilla.org': Reading manifest: Invalid extension permission: about:reader*
1553669235962	Marionette	INFO	Listening on port 53940
1553669236066	Marionette	WARN	TLS certificate errors will be ignored for this session
JavaScript warning: https://www.google-analytics.com/gtm/js?id=GTM-T3QRBJF&t=gtm2&cid=1348918052.1553669241, line 99: unreachable code after return statement
1553669278566	Marionette	INFO	Stopped listening on port 53940
1553669572790	mozrunner::runner	INFO	Running command: "/Applications/Firefox.app/Contents/MacOS/firefox-bin" "-marionette" "-foreground" "-no-remote" "-profile" "/var/folders/m9/gmplqcv90cn01rd1771dpnfh0000gn/T/rust_mozprofile.tgfofYUAvNPv"
1553669573940	addons.webextension.screenshots@mozilla.org	WARN	Loading extension 'screenshots@mozilla.org': Reading manifest: Invalid extension permission: mozillaAddons
1553669573941	addons.webextension.screenshots@mozilla.org	WARN	Loading extension 'screenshots@mozilla.org': Reading manifest: Invalid extension permission: resource://pdf.js/
1553669573941	addons.webextension.screenshots@mozilla.org	WARN	Loading extension 'screenshots@mozilla.org': Reading manifest: Invalid extension permission: about:reader*
1553669576330	Marionette	INFO	Listening on port 54134
1553669576391	Marionette	WARN	TLS certificate errors will be ignored for this session
JavaScript warning: https://www.google-analytics.com/gtm/js?id=GTM-T3QRBJF&t=gtm2&cid=1085361199.1553669580, line 99: unreachable code after return statement
1553669736510	mozrunner::runner	INFO	Running command: "/Applications/Firefox.app/Contents/MacOS/firefox-bin" "-marionette" "-foreground" "-no-remote" "-profile" "/var/folders/m9/gmplqcv90cn01rd1771dpnfh0000gn/T/rust_mozprofile.1HZBJryQtF7G"
1553669737850	addons.webextension.screenshots@mozilla.org	WARN	Loading extension 'screenshots@mozilla.org': Reading manifest: Invalid extension permission: mozillaAddons
1553669737851	addons.webextension.screenshots@mozilla.org	WARN	Loading extension 'screenshots@mozilla.org': Reading manifest: Invalid extension permission: resource://pdf.js/
1553669737851	addons.webextension.screenshots@mozilla.org	WARN	Loading extension 'screenshots@mozilla.org': Reading manifest: Invalid extension permission: about:reader*
1553669740966	Marionette	INFO	Listening on port 54266
1553669741154	Marionette	WARN	TLS certificate errors will be ignored for this session
JavaScript warning: https://www.google-analytics.com/gtm/js?id=GTM-T3QRBJF&t=gtm2&cid=332754983.1553669749, line 99: unreachable code after return statement
1553669880834	mozrunner::runner	INFO	Running command: "/Applications/Firefox.app/Contents/MacOS/firefox-bin" "-marionette" "-foreground" "-no-remote" "-profile" "/var/folders/m9/gmplqcv90cn01rd1771dpnfh0000gn/T/rust_mozprofile.SKd1SxeNDGQw"
1553669882084	addons.webextension.screenshots@mozilla.org	WARN	Loading extension 'screenshots@mozilla.org': Reading manifest: Invalid extension permission: mozillaAddons
1553669882085	addons.webextension.screenshots@mozilla.org	WARN	Loading extension 'screenshots@mozilla.org': Reading manifest: Invalid extension permission: resource://pdf.js/
1553669882085	addons.webextension.screenshots@mozilla.org	WARN	Loading extension 'screenshots@mozilla.org': Reading manifest: Invalid extension permission: about:reader*
1553669884736	Marionette	INFO	Listening on port 54402
1553669885776	Marionette	WARN	TLS certificate errors will be ignored for this session
JavaScript warning: https://www.google-analytics.com/gtm/js?id=GTM-T3QRBJF&t=gtm2&cid=1424003868.1553669891, line 99: unreachable code after return statement
1553669900507	Marionette	INFO	Stopped listening on port 54266
1553669905654	Marionette	INFO	Stopped listening on port 54402
1553669935346	mozrunner::runner	INFO	Running command: "/Applications/Firefox.app/Contents/MacOS/firefox-bin" "-marionette" "-foreground" "-no-remote" "-profile" "/var/folders/m9/gmplqcv90cn01rd1771dpnfh0000gn/T/rust_mozprofile.OzXzoKvnWyBb"
1553669936135	addons.webextension.screenshots@mozilla.org	WARN	Loading extension 'screenshots@mozilla.org': Reading manifest: Invalid extension permission: mozillaAddons
1553669936136	addons.webextension.screenshots@mozilla.org	WARN	Loading extension 'screenshots@mozilla.org': Reading manifest: Invalid extension permission: resource://pdf.js/
1553669936136	addons.webextension.screenshots@mozilla.org	WARN	Loading extension 'screenshots@mozilla.org': Reading manifest: Invalid extension permission: about:reader*
1553669938538	Marionette	INFO	Listening on port 54536
1553669938584	Marionette	WARN	TLS certificate errors will be ignored for this session
JavaScript warning: https://www.google-analytics.com/gtm/js?id=GTM-T3QRBJF&t=gtm2&cid=1546934792.1553669944, line 99: unreachable code after return statement
1553669953853	Marionette	INFO	Stopped listening on port 54536
1553669957903	mozrunner::runner	INFO	Running command: "/Applications/Firefox.app/Contents/MacOS/firefox-bin" "-marionette" "-foreground" "-no-remote" "-profile" "/var/folders/m9/gmplqcv90cn01rd1771dpnfh0000gn/T/rust_mozprofile.4TFAkI1aFIRC"
1553669958555	addons.webextension.screenshots@mozilla.org	WARN	Loading extension 'screenshots@mozilla.org': Reading manifest: Invalid extension permission: mozillaAddons
1553669958556	addons.webextension.screenshots@mozilla.org	WARN	Loading extension 'screenshots@mozilla.org': Reading manifest: Invalid extension permission: resource://pdf.js/
1553669958556	addons.webextension.screenshots@mozilla.org	WARN	Loading extension 'screenshots@mozilla.org': Reading manifest: Invalid extension permission: about:reader*
1553669960844	Marionette	INFO	Listening on port 54653
1553669960883	Marionette	WARN	TLS certificate errors will be ignored for this session
JavaScript warning: https://www.google-analytics.com/gtm/js?id=GTM-T3QRBJF&t=gtm2&cid=27640470.1553669968, line 99: unreachable code after return statement
1553669983518	mozrunner::runner	INFO	Running command: "/Applications/Firefox.app/Contents/MacOS/firefox-bin" "-marionette" "-foreground" "-no-remote" "-profile" "/var/folders/m9/gmplqcv90cn01rd1771dpnfh0000gn/T/rust_mozprofile.UPQ9cHgBGytC"
1553669984290	addons.webextension.screenshots@mozilla.org	WARN	Loading extension 'screenshots@mozilla.org': Reading manifest: Invalid extension permission: mozillaAddons
1553669984290	addons.webextension.screenshots@mozilla.org	WARN	Loading extension 'screenshots@mozilla.org': Reading manifest: Invalid extension permission: resource://pdf.js/
1553669984290	addons.webextension.screenshots@mozilla.org	WARN	Loading extension 'screenshots@mozilla.org': Reading manifest: Invalid extension permission: about:reader*
1553669986794	Marionette	INFO	Listening on port 54762
1553669986865	Marionette	WARN	TLS certificate errors will be ignored for this session
JavaScript warning: https://www.google-analytics.com/gtm/js?id=GTM-T3QRBJF&t=gtm2&cid=345644243.1553669992, line 99: unreachable code after return statement
1553669998005	Marionette	INFO	Stopped listening on port 54762
1553670000633	Marionette	INFO	Stopped listening on port 54653
1553670021397	mozrunner::runner	INFO	Running command: "/Applications/Firefox.app/Contents/MacOS/firefox-bin" "-marionette" "-foreground" "-no-remote" "-profile" "/var/folders/m9/gmplqcv90cn01rd1771dpnfh0000gn/T/rust_mozprofile.yQt5hb7Mo90A"
1553670022099	addons.webextension.screenshots@mozilla.org	WARN	Loading extension 'screenshots@mozilla.org': Reading manifest: Invalid extension permission: mozillaAddons
1553670022100	addons.webextension.screenshots@mozilla.org	WARN	Loading extension 'screenshots@mozilla.org': Reading manifest: Invalid extension permission: resource://pdf.js/
1553670022100	addons.webextension.screenshots@mozilla.org	WARN	Loading extension 'screenshots@mozilla.org': Reading manifest: Invalid extension permission: about:reader*
1553670024667	Marionette	INFO	Listening on port 54876
1553670024747	Marionette	WARN	TLS certificate errors will be ignored for this session
JavaScript warning: https://www.google-analytics.com/gtm/js?id=GTM-T3QRBJF&t=gtm2&cid=1927357759.1553670031, line 99: unreachable code after return statement
1553670040282	Marionette	INFO	Stopped listening on port 54876
1553670068436	mozrunner::runner	INFO	Running command: "/Applications/Firefox.app/Contents/MacOS/firefox-bin" "-marionette" "-foreground" "-no-remote" "-profile" "/var/folders/m9/gmplqcv90cn01rd1771dpnfh0000gn/T/rust_mozprofile.TRLlLOcCZDDB"
1553670069141	addons.webextension.screenshots@mozilla.org	WARN	Loading extension 'screenshots@mozilla.org': Reading manifest: Invalid extension permission: mozillaAddons
1553670069142	addons.webextension.screenshots@mozilla.org	WARN	Loading extension 'screenshots@mozilla.org': Reading manifest: Invalid extension permission: resource://pdf.js/
1553670069142	addons.webextension.screenshots@mozilla.org	WARN	Loading extension 'screenshots@mozilla.org': Reading manifest: Invalid extension permission: about:reader*
1553670071494	Marionette	INFO	Listening on port 54992
1553670071540	Marionette	WARN	TLS certificate errors will be ignored for this session
JavaScript warning: https://www.google-analytics.com/gtm/js?id=GTM-T3QRBJF&t=gtm2&cid=1787949426.1553670079, line 99: unreachable code after return statement
1553670130463	mozrunner::runner	INFO	Running command: "/Applications/Firefox.app/Contents/MacOS/firefox-bin" "-marionette" "-foreground" "-no-remote" "-profile" "/var/folders/m9/gmplqcv90cn01rd1771dpnfh0000gn/T/rust_mozprofile.nuB9z5QNeUKj"
1553670131363	addons.webextension.screenshots@mozilla.org	WARN	Loading extension 'screenshots@mozilla.org': Reading manifest: Invalid extension permission: mozillaAddons
1553670131364	addons.webextension.screenshots@mozilla.org	WARN	Loading extension 'screenshots@mozilla.org': Reading manifest: Invalid extension permission: resource://pdf.js/
1553670131364	addons.webextension.screenshots@mozilla.org	WARN	Loading extension 'screenshots@mozilla.org': Reading manifest: Invalid extension permission: about:reader*
1553670134230	Marionette	INFO	Listening on port 55112
1553670134347	Marionette	WARN	TLS certificate errors will be ignored for this session
JavaScript warning: https://www.google-analytics.com/gtm/js?id=GTM-T3QRBJF&t=gtm2&cid=38919778.1553670142, line 99: unreachable code after return statement
1553670187143	Marionette	INFO	Stopped listening on port 54992
1553670188413	Marionette	INFO	Stopped listening on port 54134
1553670189879	Marionette	INFO	Stopped listening on port 55112
1553670265438	mozrunner::runner	INFO	Running command: "/Applications/Firefox.app/Contents/MacOS/firefox-bin" "-marionette" "-foreground" "-no-remote" "-profile" "/var/folders/m9/gmplqcv90cn01rd1771dpnfh0000gn/T/rust_mozprofile.m0itVB7BRNPM"
1553670266267	addons.webextension.screenshots@mozilla.org	WARN	Loading extension 'screenshots@mozilla.org': Reading manifest: Invalid extension permission: mozillaAddons
1553670266267	addons.webextension.screenshots@mozilla.org	WARN	Loading extension 'screenshots@mozilla.org': Reading manifest: Invalid extension permission: resource://pdf.js/
1553670266268	addons.webextension.screenshots@mozilla.org	WARN	Loading extension 'screenshots@mozilla.org': Reading manifest: Invalid extension permission: about:reader*
1553670268920	Marionette	INFO	Listening on port 55248
1553670268965	Marionette	WARN	TLS certificate errors will be ignored for this session
JavaScript warning: https://www.google-analytics.com/gtm/js?id=GTM-T3QRBJF&t=gtm2&cid=1710037207.1553670274, line 99: unreachable code after return statement
1553670300536	Marionette	INFO	Stopped listening on port 55248
1553670301383	mozrunner::runner	INFO	Running command: "/Applications/Firefox.app/Contents/MacOS/firefox-bin" "-marionette" "-foreground" "-no-remote" "-profile" "/var/folders/m9/gmplqcv90cn01rd1771dpnfh0000gn/T/rust_mozprofile.MHjxFQGrnrSQ"
1553670302407	addons.webextension.screenshots@mozilla.org	WARN	Loading extension 'screenshots@mozilla.org': Reading manifest: Invalid extension permission: mozillaAddons
1553670302408	addons.webextension.screenshots@mozilla.org	WARN	Loading extension 'screenshots@mozilla.org': Reading manifest: Invalid extension permission: resource://pdf.js/
1553670302408	addons.webextension.screenshots@mozilla.org	WARN	Loading extension 'screenshots@mozilla.org': Reading manifest: Invalid extension permission: about:reader*
1553670304833	Marionette	INFO	Listening on port 55363
1553670304874	Marionette	WARN	TLS certificate errors will be ignored for this session
JavaScript warning: https://www.google-analytics.com/gtm/js?id=GTM-T3QRBJF&t=gtm2&cid=931800530.1553670309, line 99: unreachable code after return statement
1553670335688	mozrunner::runner	INFO	Running command: "/Applications/Firefox.app/Contents/MacOS/firefox-bin" "-marionette" "-foreground" "-no-remote" "-profile" "/var/folders/m9/gmplqcv90cn01rd1771dpnfh0000gn/T/rust_mozprofile.2YAGqeWzd1eg"
1553670336418	addons.webextension.screenshots@mozilla.org	WARN	Loading extension 'screenshots@mozilla.org': Reading manifest: Invalid extension permission: mozillaAddons
1553670336419	addons.webextension.screenshots@mozilla.org	WARN	Loading extension 'screenshots@mozilla.org': Reading manifest: Invalid extension permission: resource://pdf.js/
1553670336419	addons.webextension.screenshots@mozilla.org	WARN	Loading extension 'screenshots@mozilla.org': Reading manifest: Invalid extension permission: about:reader*
1553670339000	Marionette	INFO	Listening on port 55475
1553670339090	Marionette	WARN	TLS certificate errors will be ignored for this session

###!!! [Child][RunMessage] Error: Channel closing: too late to send/recv, messages will be lost

1553670341008	Marionette	INFO	Stopped listening on port 55363
JavaScript warning: https://www.google-analytics.com/gtm/js?id=GTM-T3QRBJF&t=gtm2&cid=246939970.1553670344, line 99: unreachable code after return statement
1553670345699	Marionette	INFO	Stopped listening on port 55475
1553670362550	mozrunner::runner	INFO	Running command: "/Applications/Firefox.app/Contents/MacOS/firefox-bin" "-marionette" "-foreground" "-no-remote" "-profile" "/var/folders/m9/gmplqcv90cn01rd1771dpnfh0000gn/T/rust_mozprofile.l32KkvLJs6LM"
1553670363419	addons.webextension.screenshots@mozilla.org	WARN	Loading extension 'screenshots@mozilla.org': Reading manifest: Invalid extension permission: mozillaAddons
1553670363420	addons.webextension.screenshots@mozilla.org	WARN	Loading extension 'screenshots@mozilla.org': Reading manifest: Invalid extension permission: resource://pdf.js/
1553670363420	addons.webextension.screenshots@mozilla.org	WARN	Loading extension 'screenshots@mozilla.org': Reading manifest: Invalid extension permission: about:reader*
1553670365558	Marionette	INFO	Listening on port 55590
1553670365632	Marionette	WARN	TLS certificate errors will be ignored for this session
JavaScript warning: https://www.google-analytics.com/gtm/js?id=GTM-T3QRBJF&t=gtm2&cid=1044687732.1553670372, line 99: unreachable code after return statement
1553670394839	Marionette	INFO	Stopped listening on port 55590
1553670592879	mozrunner::runner	INFO	Running command: "/Applications/Firefox.app/Contents/MacOS/firefox-bin" "-marionette" "-foreground" "-no-remote" "-profile" "/var/folders/m9/gmplqcv90cn01rd1771dpnfh0000gn/T/rust_mozprofile.4flLsuQt8Kku"
1553670593575	addons.webextension.screenshots@mozilla.org	WARN	Loading extension 'screenshots@mozilla.org': Reading manifest: Invalid extension permission: mozillaAddons
1553670593576	addons.webextension.screenshots@mozilla.org	WARN	Loading extension 'screenshots@mozilla.org': Reading manifest: Invalid extension permission: resource://pdf.js/
1553670593576	addons.webextension.screenshots@mozilla.org	WARN	Loading extension 'screenshots@mozilla.org': Reading manifest: Invalid extension permission: about:reader*
1553670595938	Marionette	INFO	Listening on port 55724
1553670596076	Marionette	WARN	TLS certificate errors will be ignored for this session
JavaScript warning: https://www.google-analytics.com/gtm/js?id=GTM-T3QRBJF&t=gtm2&cid=847947344.1553670601, line 99: unreachable code after return statement
1553670611132	Marionette	INFO	Stopped listening on port 55724
1553670804084	mozrunner::runner	INFO	Running command: "/Applications/Firefox.app/Contents/MacOS/firefox-bin" "-marionette" "-foreground" "-no-remote" "-profile" "/var/folders/m9/gmplqcv90cn01rd1771dpnfh0000gn/T/rust_mozprofile.EECm1cOnkBos"
1553670805296	addons.webextension.screenshots@mozilla.org	WARN	Loading extension 'screenshots@mozilla.org': Reading manifest: Invalid extension permission: mozillaAddons
1553670805297	addons.webextension.screenshots@mozilla.org	WARN	Loading extension 'screenshots@mozilla.org': Reading manifest: Invalid extension permission: resource://pdf.js/
1553670805297	addons.webextension.screenshots@mozilla.org	WARN	Loading extension 'screenshots@mozilla.org': Reading manifest: Invalid extension permission: about:reader*
1553670809320	Marionette	INFO	Listening on port 55862
1553670809386	Marionette	WARN	TLS certificate errors will be ignored for this session
JavaScript warning: https://www.google-analytics.com/gtm/js?id=GTM-T3QRBJF&t=gtm2&cid=2025377387.1553670817, line 99: unreachable code after return statement
1553670819710	Marionette	INFO	Stopped listening on port 55862
